build/app/outputs/mapping/release/mapping.txt
# compiler: R8
# compiler_version: 1.5.64
# min_api: 16
# pg_map_id: 256cac9
lojavirtual.goncalves.com.br.loja_virtual.MainActivity -> lojavirtual.goncalves.com.br.loja_virtual.MainActivity:
    void configureFlutterEngine(io.flutter.embedding.engine.FlutterEngine) -> b
...
com.google.protobuf.FieldSet$FieldDescriptorLite -> b.a.g.l$b:
    com.google.protobuf.MessageLite$Builder internalMergeFrom(com.google.protobuf.MessageLite$Builder,com.google.protobuf.MessageLite) -> a
    boolean isRepeated() -> c
    com.google.protobuf.WireFormat$FieldType getLiteType() -> d
    com.google.protobuf.WireFormat$JavaType getLiteJavaType() -> g
com.google.protobuf.GeneratedMessageLite -> b.a.g.m:
    com.google.protobuf.UnknownFieldSetLite unknownFields -> b
    int memoizedSerializedSize -> c
    com.google.protobuf.GeneratedMessageLite checkMessageInitialized(com.google.protobuf.GeneratedMessageLite) -> a
    java.lang.Object dynamicMethod(com.google.protobuf.GeneratedMessageLite$MethodToInvoke) -> a
    java.lang.Object dynamicMethod(com.google.protobuf.GeneratedMessageLite$MethodToInvoke,java.lang.Object) -> a
    java.lang.Object dynamicMethod(com.google.protobuf.GeneratedMessageLite$MethodToInvoke,java.lang.Object,java.lang.Object) -> a
    boolean equals(com.google.protobuf.GeneratedMessageLite$EqualsVisitor,com.google.protobuf.MessageLite) -> a
    com.google.protobuf.GeneratedMessageLite getDefaultInstanceForType() -> a
    com.google.protobuf.MessageLite getDefaultInstanceForType() -> a
    int hashCode(com.google.protobuf.GeneratedMessageLite$HashCodeVisitor) -> a
    java.lang.Object invokeOrDie(java.lang.reflect.Method,java.lang.Object,java.lang.Object[]) -> a
    com.google.protobuf.Internal$IntList mutableCopy(com.google.protobuf.Internal$IntList) -> a
    com.google.protobuf.Internal$ProtobufList mutableCopy(com.google.protobuf.Internal$ProtobufList) -> a
    com.google.protobuf.GeneratedMessageLite parseFrom(com.google.protobuf.GeneratedMessageLite,com.google.protobuf.ByteString) -> a
com.google.protobuf.GeneratedMessageLite$1 -> b.a.g.m$a:
    int[] $SwitchMap$com$google$protobuf$WireFormat$JavaType -> a
com.google.protobuf.GeneratedMessageLite$Builder -> b.a.g.m$b:
    com.google.protobuf.GeneratedMessageLite defaultInstance -> a
    com.google.protobuf.GeneratedMessageLite instance -> b
    boolean isBuilt -> c
    com.google.protobuf.GeneratedMessageLite getDefaultInstanceForType() -> a
    com.google.protobuf.MessageLite getDefaultInstanceForType() -> a
    com.google.protobuf.AbstractMessageLite$Builder internalMergeFrom(com.google.protobuf.AbstractMessageLite) -> a
    com.google.protobuf.GeneratedMessageLite$Builder internalMergeFrom(com.google.protobuf.GeneratedMessageLite) -> a
    com.google.protobuf.GeneratedMessageLite$Builder mergeFrom(com.google.protobuf.CodedInputStream,com.google.protobuf.ExtensionRegistryLite) -> a
    com.google.protobuf.MessageLite$Builder mergeFrom(com.google.protobuf.CodedInputStream,com.google.protobuf.ExtensionRegistryLite) -> a
    com.google.protobuf.GeneratedMessageLite$Builder mergeFrom(com.google.protobuf.GeneratedMessageLite) -> b
    void copyOnWrite() -> c
    com.google.protobuf.GeneratedMessageLite build() -> e
    com.google.protobuf.MessageLite build() -> e
    com.google.protobuf.GeneratedMessageLite buildPartial() -> f
    com.google.protobuf.MessageLite buildPartial() -> f
com.google.protobuf.GeneratedMessageLite$DefaultInstanceBasedParser -> b.a.g.m$c:
    com.google.protobuf.GeneratedMessageLite defaultInstance -> a
    com.google.protobuf.GeneratedMessageLite parsePartialFrom(com.google.protobuf.CodedInputStream,com.google.protobuf.ExtensionRegistryLite) -> b
    java.lang.Object parsePartialFrom(com.google.protobuf.CodedInputStream,com.google.protobuf.ExtensionRegistryLite) -> b